[trade-monitor] Installing dependencies...
bun install v1.3.12 (700fc117)
No packages! Deleted empty lockfile

[46.00ms] done
[trade-monitor] Running bun run dev...
$ bun --hot run index.ts
🔄 Starting trade monitor service...
242 | 
243 | // Run immediately
244 | monitorTrades().catch(console.error);
245 | 
246 | // HTTP Server
247 | serve({
      ^
error: Failed to start server. Is port 3004 in use?
 syscall: "listen",
   errno: 0,
    code: "EADDRINUSE"

      at /home/z/my-project/mini-services/trade-monitor/index.ts:247:1
      at loadAndEvaluateModule (2:1)
